  Animations.cpp
C:\Users\Aula 2\Documents\GitHub\Engine\Engine\Engine\src\Export.h(4,1): warning C4005: 'DllApi': redefinición de macro
C:\Users\Aula 2\Documents\GitHub\Engine\Engine\Engine\src\Export.h(4,1): message : 'DllApi' declarado previamente en la línea de comandos
C:\Users\Aula 2\Documents\GitHub\Engine\Engine\Engine\src\Animations\Animations.h(32,21): warning C4251: 'Animation::frames': class 'std::vector<Frame,std::allocator<Frame>>' necesita tener una interfaz DLL para que la utilicen los clientes de class 'Animation'
C:\Users\Aula 2\Documents\GitHub\Engine\Engine\Engine\src\Animations\Animations.h(32,7): message : vea la declaración de 'std::vector<Frame,std::allocator<Frame>>'
C:\Users\Aula 2\Documents\GitHub\Engine\Engine\Engine\src\Animations\Animations.cpp(71,84): warning C4244: 'argumento': conversión de 'int' a 'float'; posible pérdida de datos
C:\Users\Aula 2\Documents\GitHub\Engine\Engine\Engine\src\Animations\Animations.cpp(71,70): warning C4244: 'argumento': conversión de 'int' a 'float'; posible pérdida de datos
C:\Users\Aula 2\Documents\GitHub\Engine\Engine\Engine\src\Animations\Animations.cpp(71,62): warning C4244: 'argumento': conversión de 'int' a 'float'; posible pérdida de datos
C:\Users\Aula 2\Documents\GitHub\Engine\Engine\Engine\src\Animations\Animations.cpp(71,40): warning C4244: 'argumento': conversión de 'int' a 'float'; posible pérdida de datos
  BaseGame.cpp
C:\Users\Aula 2\Documents\GitHub\Engine\Engine\Engine\src\Export.h(4,1): warning C4005: 'DllApi': redefinición de macro
C:\Users\Aula 2\Documents\GitHub\Engine\Engine\Engine\src\Export.h(4,1): message : 'DllApi' declarado previamente en la línea de comandos
C:\Users\Aula 2\Documents\GitHub\Engine\Engine\Engine\src\Renderer\Render.h(18,12): warning C4251: 'Render::view': struct 'glm::mat<4,4,glm::f32,glm::packed_highp>' necesita tener una interfaz DLL para que la utilicen los clientes de class 'Render'
C:\Users\Aula 2\Documents\GitHub\Engine\Engine\Engine\vendor\glm\fwd.hpp(520,10): message : vea la declaración de 'glm::mat<4,4,glm::f32,glm::packed_highp>'
C:\Users\Aula 2\Documents\GitHub\Engine\Engine\Engine\src\Renderer\Render.h(19,12): warning C4251: 'Render::projection': struct 'glm::mat<4,4,glm::f32,glm::packed_highp>' necesita tener una interfaz DLL para que la utilicen los clientes de class 'Render'
C:\Users\Aula 2\Documents\GitHub\Engine\Engine\Engine\vendor\glm\fwd.hpp(520,10): message : vea la declaración de 'glm::mat<4,4,glm::f32,glm::packed_highp>'
C:\Users\Aula 2\Documents\GitHub\Engine\Engine\Engine\src\Entity\Entity.h(17,12): warning C4251: 'Entity::model': struct 'glm::mat<4,4,glm::f32,glm::packed_highp>' necesita tener una interfaz DLL para que la utilicen los clientes de class 'Entity'
C:\Users\Aula 2\Documents\GitHub\Engine\Engine\Engine\vendor\glm\fwd.hpp(520,10): message : vea la declaración de 'glm::mat<4,4,glm::f32,glm::packed_highp>'
C:\Users\Aula 2\Documents\GitHub\Engine\Engine\Engine\src\Entity\Entity.h(19,12): warning C4251: 'Entity::translateMatrix': struct 'glm::mat<4,4,glm::f32,glm::packed_highp>' necesita tener una interfaz DLL para que la utilicen los clientes de class 'Entity'
C:\Users\Aula 2\Documents\GitHub\Engine\Engine\Engine\vendor\glm\fwd.hpp(520,10): message : vea la declaración de 'glm::mat<4,4,glm::f32,glm::packed_highp>'
C:\Users\Aula 2\Documents\GitHub\Engine\Engine\Engine\src\Entity\Entity.h(20,12): warning C4251: 'Entity::rotateMatrix': struct 'glm::mat<4,4,glm::f32,glm::packed_highp>' necesita tener una interfaz DLL para que la utilicen los clientes de class 'Entity'
C:\Users\Aula 2\Documents\GitHub\Engine\Engine\Engine\vendor\glm\fwd.hpp(520,10): message : vea la declaración de 'glm::mat<4,4,glm::f32,glm::packed_highp>'
C:\Users\Aula 2\Documents\GitHub\Engine\Engine\Engine\src\Entity\Entity.h(21,12): warning C4251: 'Entity::scaleMatrix': struct 'glm::mat<4,4,glm::f32,glm::packed_highp>' necesita tener una interfaz DLL para que la utilicen los clientes de class 'Entity'
C:\Users\Aula 2\Documents\GitHub\Engine\Engine\Engine\vendor\glm\fwd.hpp(520,10): message : vea la declaración de 'glm::mat<4,4,glm::f32,glm::packed_highp>'
C:\Users\Aula 2\Documents\GitHub\Engine\Engine\Engine\src\Entity\Entity.h(23,12): warning C4251: 'Entity::translateVector': struct 'glm::vec<3,float,glm::packed_highp>' necesita tener una interfaz DLL para que la utilicen los clientes de class 'Entity'
C:\Users\Aula 2\Documents\GitHub\Engine\Engine\Engine\vendor\glm\fwd.hpp(420,10): message : vea la declaración de 'glm::vec<3,float,glm::packed_highp>'
C:\Users\Aula 2\Documents\GitHub\Engine\Engine\Engine\src\Entity\Entity.h(24,12): warning C4251: 'Entity::rotateVector': struct 'glm::vec<3,float,glm::packed_highp>' necesita tener una interfaz DLL para que la utilicen los clientes de class 'Entity'
C:\Users\Aula 2\Documents\GitHub\Engine\Engine\Engine\vendor\glm\fwd.hpp(420,10): message : vea la declaración de 'glm::vec<3,float,glm::packed_highp>'
C:\Users\Aula 2\Documents\GitHub\Engine\Engine\Engine\src\Entity\Entity.h(25,12): warning C4251: 'Entity::scaleVector': struct 'glm::vec<3,float,glm::packed_highp>' necesita tener una interfaz DLL para que la utilicen los clientes de class 'Entity'
C:\Users\Aula 2\Documents\GitHub\Engine\Engine\Engine\vendor\glm\fwd.hpp(420,10): message : vea la declaración de 'glm::vec<3,float,glm::packed_highp>'
C:\Users\Aula 2\Documents\GitHub\Engine\Engine\Engine\src\Shape\Shape.h(19,12): warning C4251: 'Shape::colorVector': struct 'glm::vec<3,float,glm::packed_highp>' necesita tener una interfaz DLL para que la utilicen los clientes de class 'Shape'
C:\Users\Aula 2\Documents\GitHub\Engine\Engine\Engine\vendor\glm\fwd.hpp(420,10): message : vea la declaración de 'glm::vec<3,float,glm::packed_highp>'
C:\Users\Aula 2\Documents\GitHub\Engine\Engine\Engine\src\Animations\Animations.h(32,21): warning C4251: 'Animation::frames': class 'std::vector<Frame,std::allocator<Frame>>' necesita tener una interfaz DLL para que la utilicen los clientes de class 'Animation'
C:\Users\Aula 2\Documents\GitHub\Engine\Engine\Engine\src\Animations\Animations.h(32,7): message : vea la declaración de 'std::vector<Frame,std::allocator<Frame>>'
C:\Users\Aula 2\Documents\GitHub\Engine\Engine\Engine\src\TextureImporter\TextureImporter.h(22,2): warning C4091: 'static ': se ha omitido a la izquierda de 'TextureImporter' cuando no hay ninguna variable declarada
C:\Users\Aula 2\Documents\GitHub\Engine\Engine\Engine\src\Sprite\Sprite.h(16,12): warning C4251: 'Sprite::colorVector': struct 'glm::vec<3,float,glm::packed_highp>' necesita tener una interfaz DLL para que la utilicen los clientes de class 'Sprite'
C:\Users\Aula 2\Documents\GitHub\Engine\Engine\Engine\vendor\glm\fwd.hpp(420,10): message : vea la declaración de 'glm::vec<3,float,glm::packed_highp>'
C:\Users\Aula 2\Documents\GitHub\Engine\Engine\Engine\src\BaseGame\BaseGame.cpp(57,28): warning C4244: 'argumento': conversión de 'double' a 'float'; posible pérdida de datos
  CollisionManager.cpp
C:\Users\Aula 2\Documents\GitHub\Engine\Engine\Engine\src\Export.h(4,1): warning C4005: 'DllApi': redefinición de macro
C:\Users\Aula 2\Documents\GitHub\Engine\Engine\Engine\src\Export.h(4,1): message : 'DllApi' declarado previamente en la línea de comandos
C:\Users\Aula 2\Documents\GitHub\Engine\Engine\Engine\src\Renderer\Render.h(18,12): warning C4251: 'Render::view': struct 'glm::mat<4,4,glm::f32,glm::packed_highp>' necesita tener una interfaz DLL para que la utilicen los clientes de class 'Render'
C:\Users\Aula 2\Documents\GitHub\Engine\Engine\Engine\vendor\glm\fwd.hpp(520,10): message : vea la declaración de 'glm::mat<4,4,glm::f32,glm::packed_highp>'
C:\Users\Aula 2\Documents\GitHub\Engine\Engine\Engine\src\Renderer\Render.h(19,12): warning C4251: 'Render::projection': struct 'glm::mat<4,4,glm::f32,glm::packed_highp>' necesita tener una interfaz DLL para que la utilicen los clientes de class 'Render'
C:\Users\Aula 2\Documents\GitHub\Engine\Engine\Engine\vendor\glm\fwd.hpp(520,10): message : vea la declaración de 'glm::mat<4,4,glm::f32,glm::packed_highp>'
C:\Users\Aula 2\Documents\GitHub\Engine\Engine\Engine\src\Entity\Entity.h(17,12): warning C4251: 'Entity::model': struct 'glm::mat<4,4,glm::f32,glm::packed_highp>' necesita tener una interfaz DLL para que la utilicen los clientes de class 'Entity'
C:\Users\Aula 2\Documents\GitHub\Engine\Engine\Engine\vendor\glm\fwd.hpp(520,10): message : vea la declaración de 'glm::mat<4,4,glm::f32,glm::packed_highp>'
C:\Users\Aula 2\Documents\GitHub\Engine\Engine\Engine\src\Entity\Entity.h(19,12): warning C4251: 'Entity::translateMatrix': struct 'glm::mat<4,4,glm::f32,glm::packed_highp>' necesita tener una interfaz DLL para que la utilicen los clientes de class 'Entity'
C:\Users\Aula 2\Documents\GitHub\Engine\Engine\Engine\vendor\glm\fwd.hpp(520,10): message : vea la declaración de 'glm::mat<4,4,glm::f32,glm::packed_highp>'
C:\Users\Aula 2\Documents\GitHub\Engine\Engine\Engine\src\Entity\Entity.h(20,12): warning C4251: 'Entity::rotateMatrix': struct 'glm::mat<4,4,glm::f32,glm::packed_highp>' necesita tener una interfaz DLL para que la utilicen los clientes de class 'Entity'
C:\Users\Aula 2\Documents\GitHub\Engine\Engine\Engine\vendor\glm\fwd.hpp(520,10): message : vea la declaración de 'glm::mat<4,4,glm::f32,glm::packed_highp>'
C:\Users\Aula 2\Documents\GitHub\Engine\Engine\Engine\src\Entity\Entity.h(21,12): warning C4251: 'Entity::scaleMatrix': struct 'glm::mat<4,4,glm::f32,glm::packed_highp>' necesita tener una interfaz DLL para que la utilicen los clientes de class 'Entity'
C:\Users\Aula 2\Documents\GitHub\Engine\Engine\Engine\vendor\glm\fwd.hpp(520,10): message : vea la declaración de 'glm::mat<4,4,glm::f32,glm::packed_highp>'
C:\Users\Aula 2\Documents\GitHub\Engine\Engine\Engine\src\Entity\Entity.h(23,12): warning C4251: 'Entity::translateVector': struct 'glm::vec<3,float,glm::packed_highp>' necesita tener una interfaz DLL para que la utilicen los clientes de class 'Entity'
C:\Users\Aula 2\Documents\GitHub\Engine\Engine\Engine\vendor\glm\fwd.hpp(420,10): message : vea la declaración de 'glm::vec<3,float,glm::packed_highp>'
C:\Users\Aula 2\Documents\GitHub\Engine\Engine\Engine\src\Entity\Entity.h(24,12): warning C4251: 'Entity::rotateVector': struct 'glm::vec<3,float,glm::packed_highp>' necesita tener una interfaz DLL para que la utilicen los clientes de class 'Entity'
C:\Users\Aula 2\Documents\GitHub\Engine\Engine\Engine\vendor\glm\fwd.hpp(420,10): message : vea la declaración de 'glm::vec<3,float,glm::packed_highp>'
C:\Users\Aula 2\Documents\GitHub\Engine\Engine\Engine\src\Entity\Entity.h(25,12): warning C4251: 'Entity::scaleVector': struct 'glm::vec<3,float,glm::packed_highp>' necesita tener una interfaz DLL para que la utilicen los clientes de class 'Entity'
C:\Users\Aula 2\Documents\GitHub\Engine\Engine\Engine\vendor\glm\fwd.hpp(420,10): message : vea la declaración de 'glm::vec<3,float,glm::packed_highp>'
  Entity.cpp
C:\Users\Aula 2\Documents\GitHub\Engine\Engine\Engine\src\Export.h(4,1): warning C4005: 'DllApi': redefinición de macro
C:\Users\Aula 2\Documents\GitHub\Engine\Engine\Engine\src\Export.h(4,1): message : 'DllApi' declarado previamente en la línea de comandos
C:\Users\Aula 2\Documents\GitHub\Engine\Engine\Engine\src\Renderer\Render.h(18,12): warning C4251: 'Render::view': struct 'glm::mat<4,4,glm::f32,glm::packed_highp>' necesita tener una interfaz DLL para que la utilicen los clientes de class 'Render'
C:\Users\Aula 2\Documents\GitHub\Engine\Engine\Engine\vendor\glm\fwd.hpp(520,10): message : vea la declaración de 'glm::mat<4,4,glm::f32,glm::packed_highp>'
C:\Users\Aula 2\Documents\GitHub\Engine\Engine\Engine\src\Renderer\Render.h(19,12): warning C4251: 'Render::projection': struct 'glm::mat<4,4,glm::f32,glm::packed_highp>' necesita tener una interfaz DLL para que la utilicen los clientes de class 'Render'
C:\Users\Aula 2\Documents\GitHub\Engine\Engine\Engine\vendor\glm\fwd.hpp(520,10): message : vea la declaración de 'glm::mat<4,4,glm::f32,glm::packed_highp>'
C:\Users\Aula 2\Documents\GitHub\Engine\Engine\Engine\src\Entity\Entity.h(17,12): warning C4251: 'Entity::model': struct 'glm::mat<4,4,glm::f32,glm::packed_highp>' necesita tener una interfaz DLL para que la utilicen los clientes de class 'Entity'
C:\Users\Aula 2\Documents\GitHub\Engine\Engine\Engine\vendor\glm\fwd.hpp(520,10): message : vea la declaración de 'glm::mat<4,4,glm::f32,glm::packed_highp>'
C:\Users\Aula 2\Documents\GitHub\Engine\Engine\Engine\src\Entity\Entity.h(19,12): warning C4251: 'Entity::translateMatrix': struct 'glm::mat<4,4,glm::f32,glm::packed_highp>' necesita tener una interfaz DLL para que la utilicen los clientes de class 'Entity'
C:\Users\Aula 2\Documents\GitHub\Engine\Engine\Engine\vendor\glm\fwd.hpp(520,10): message : vea la declaración de 'glm::mat<4,4,glm::f32,glm::packed_highp>'
C:\Users\Aula 2\Documents\GitHub\Engine\Engine\Engine\src\Entity\Entity.h(20,12): warning C4251: 'Entity::rotateMatrix': struct 'glm::mat<4,4,glm::f32,glm::packed_highp>' necesita tener una interfaz DLL para que la utilicen los clientes de class 'Entity'
C:\Users\Aula 2\Documents\GitHub\Engine\Engine\Engine\vendor\glm\fwd.hpp(520,10): message : vea la declaración de 'glm::mat<4,4,glm::f32,glm::packed_highp>'
C:\Users\Aula 2\Documents\GitHub\Engine\Engine\Engine\src\Entity\Entity.h(21,12): warning C4251: 'Entity::scaleMatrix': struct 'glm::mat<4,4,glm::f32,glm::packed_highp>' necesita tener una interfaz DLL para que la utilicen los clientes de class 'Entity'
C:\Users\Aula 2\Documents\GitHub\Engine\Engine\Engine\vendor\glm\fwd.hpp(520,10): message : vea la declaración de 'glm::mat<4,4,glm::f32,glm::packed_highp>'
C:\Users\Aula 2\Documents\GitHub\Engine\Engine\Engine\src\Entity\Entity.h(23,12): warning C4251: 'Entity::translateVector': struct 'glm::vec<3,float,glm::packed_highp>' necesita tener una interfaz DLL para que la utilicen los clientes de class 'Entity'
C:\Users\Aula 2\Documents\GitHub\Engine\Engine\Engine\vendor\glm\fwd.hpp(420,10): message : vea la declaración de 'glm::vec<3,float,glm::packed_highp>'
C:\Users\Aula 2\Documents\GitHub\Engine\Engine\Engine\src\Entity\Entity.h(24,12): warning C4251: 'Entity::rotateVector': struct 'glm::vec<3,float,glm::packed_highp>' necesita tener una interfaz DLL para que la utilicen los clientes de class 'Entity'
C:\Users\Aula 2\Documents\GitHub\Engine\Engine\Engine\vendor\glm\fwd.hpp(420,10): message : vea la declaración de 'glm::vec<3,float,glm::packed_highp>'
C:\Users\Aula 2\Documents\GitHub\Engine\Engine\Engine\src\Entity\Entity.h(25,12): warning C4251: 'Entity::scaleVector': struct 'glm::vec<3,float,glm::packed_highp>' necesita tener una interfaz DLL para que la utilicen los clientes de class 'Entity'
C:\Users\Aula 2\Documents\GitHub\Engine\Engine\Engine\vendor\glm\fwd.hpp(420,10): message : vea la declaración de 'glm::vec<3,float,glm::packed_highp>'
  Entity2D.cpp
C:\Users\Aula 2\Documents\GitHub\Engine\Engine\Engine\src\Export.h(4,1): warning C4005: 'DllApi': redefinición de macro
C:\Users\Aula 2\Documents\GitHub\Engine\Engine\Engine\src\Export.h(4,1): message : 'DllApi' declarado previamente en la línea de comandos
C:\Users\Aula 2\Documents\GitHub\Engine\Engine\Engine\src\Renderer\Render.h(18,12): warning C4251: 'Render::view': struct 'glm::mat<4,4,glm::f32,glm::packed_highp>' necesita tener una interfaz DLL para que la utilicen los clientes de class 'Render'
C:\Users\Aula 2\Documents\GitHub\Engine\Engine\Engine\vendor\glm\fwd.hpp(520,10): message : vea la declaración de 'glm::mat<4,4,glm::f32,glm::packed_highp>'
C:\Users\Aula 2\Documents\GitHub\Engine\Engine\Engine\src\Renderer\Render.h(19,12): warning C4251: 'Render::projection': struct 'glm::mat<4,4,glm::f32,glm::packed_highp>' necesita tener una interfaz DLL para que la utilicen los clientes de class 'Render'
C:\Users\Aula 2\Documents\GitHub\Engine\Engine\Engine\vendor\glm\fwd.hpp(520,10): message : vea la declaración de 'glm::mat<4,4,glm::f32,glm::packed_highp>'
C:\Users\Aula 2\Documents\GitHub\Engine\Engine\Engine\src\Entity\Entity.h(17,12): warning C4251: 'Entity::model': struct 'glm::mat<4,4,glm::f32,glm::packed_highp>' necesita tener una interfaz DLL para que la utilicen los clientes de class 'Entity'
C:\Users\Aula 2\Documents\GitHub\Engine\Engine\Engine\vendor\glm\fwd.hpp(520,10): message : vea la declaración de 'glm::mat<4,4,glm::f32,glm::packed_highp>'
C:\Users\Aula 2\Documents\GitHub\Engine\Engine\Engine\src\Entity\Entity.h(19,12): warning C4251: 'Entity::translateMatrix': struct 'glm::mat<4,4,glm::f32,glm::packed_highp>' necesita tener una interfaz DLL para que la utilicen los clientes de class 'Entity'
C:\Users\Aula 2\Documents\GitHub\Engine\Engine\Engine\vendor\glm\fwd.hpp(520,10): message : vea la declaración de 'glm::mat<4,4,glm::f32,glm::packed_highp>'
C:\Users\Aula 2\Documents\GitHub\Engine\Engine\Engine\src\Entity\Entity.h(20,12): warning C4251: 'Entity::rotateMatrix': struct 'glm::mat<4,4,glm::f32,glm::packed_highp>' necesita tener una interfaz DLL para que la utilicen los clientes de class 'Entity'
C:\Users\Aula 2\Documents\GitHub\Engine\Engine\Engine\vendor\glm\fwd.hpp(520,10): message : vea la declaración de 'glm::mat<4,4,glm::f32,glm::packed_highp>'
C:\Users\Aula 2\Documents\GitHub\Engine\Engine\Engine\src\Entity\Entity.h(21,12): warning C4251: 'Entity::scaleMatrix': struct 'glm::mat<4,4,glm::f32,glm::packed_highp>' necesita tener una interfaz DLL para que la utilicen los clientes de class 'Entity'
C:\Users\Aula 2\Documents\GitHub\Engine\Engine\Engine\vendor\glm\fwd.hpp(520,10): message : vea la declaración de 'glm::mat<4,4,glm::f32,glm::packed_highp>'
C:\Users\Aula 2\Documents\GitHub\Engine\Engine\Engine\src\Entity\Entity.h(23,12): warning C4251: 'Entity::translateVector': struct 'glm::vec<3,float,glm::packed_highp>' necesita tener una interfaz DLL para que la utilicen los clientes de class 'Entity'
C:\Users\Aula 2\Documents\GitHub\Engine\Engine\Engine\vendor\glm\fwd.hpp(420,10): message : vea la declaración de 'glm::vec<3,float,glm::packed_highp>'
C:\Users\Aula 2\Documents\GitHub\Engine\Engine\Engine\src\Entity\Entity.h(24,12): warning C4251: 'Entity::rotateVector': struct 'glm::vec<3,float,glm::packed_highp>' necesita tener una interfaz DLL para que la utilicen los clientes de class 'Entity'
C:\Users\Aula 2\Documents\GitHub\Engine\Engine\Engine\vendor\glm\fwd.hpp(420,10): message : vea la declaración de 'glm::vec<3,float,glm::packed_highp>'
C:\Users\Aula 2\Documents\GitHub\Engine\Engine\Engine\src\Entity\Entity.h(25,12): warning C4251: 'Entity::scaleVector': struct 'glm::vec<3,float,glm::packed_highp>' necesita tener una interfaz DLL para que la utilicen los clientes de class 'Entity'
C:\Users\Aula 2\Documents\GitHub\Engine\Engine\Engine\vendor\glm\fwd.hpp(420,10): message : vea la declaración de 'glm::vec<3,float,glm::packed_highp>'
  Input.cpp
C:\Users\Aula 2\Documents\GitHub\Engine\Engine\Engine\src\Export.h(4,1): warning C4005: 'DllApi': redefinición de macro
C:\Users\Aula 2\Documents\GitHub\Engine\Engine\Engine\src\Export.h(4,1): message : 'DllApi' declarado previamente en la línea de comandos
  Material.cpp
C:\Users\Aula 2\Documents\GitHub\Engine\Engine\Engine\src\Export.h(4,1): warning C4005: 'DllApi': redefinición de macro
C:\Users\Aula 2\Documents\GitHub\Engine\Engine\Engine\src\Export.h(4,1): message : 'DllApi' declarado previamente en la línea de comandos
  Render.cpp
C:\Users\Aula 2\Documents\GitHub\Engine\Engine\Engine\src\Export.h(4,1): warning C4005: 'DllApi': redefinición de macro
C:\Users\Aula 2\Documents\GitHub\Engine\Engine\Engine\src\Export.h(4,1): message : 'DllApi' declarado previamente en la línea de comandos
C:\Users\Aula 2\Documents\GitHub\Engine\Engine\Engine\src\Renderer\Render.h(18,12): warning C4251: 'Render::view': struct 'glm::mat<4,4,glm::f32,glm::packed_highp>' necesita tener una interfaz DLL para que la utilicen los clientes de class 'Render'
C:\Users\Aula 2\Documents\GitHub\Engine\Engine\Engine\vendor\glm\fwd.hpp(520,10): message : vea la declaración de 'glm::mat<4,4,glm::f32,glm::packed_highp>'
C:\Users\Aula 2\Documents\GitHub\Engine\Engine\Engine\src\Renderer\Render.h(19,12): warning C4251: 'Render::projection': struct 'glm::mat<4,4,glm::f32,glm::packed_highp>' necesita tener una interfaz DLL para que la utilicen los clientes de class 'Render'
C:\Users\Aula 2\Documents\GitHub\Engine\Engine\Engine\vendor\glm\fwd.hpp(520,10): message : vea la declaración de 'glm::mat<4,4,glm::f32,glm::packed_highp>'
  Shape.cpp
C:\Users\Aula 2\Documents\GitHub\Engine\Engine\Engine\src\Export.h(4,1): warning C4005: 'DllApi': redefinición de macro
C:\Users\Aula 2\Documents\GitHub\Engine\Engine\Engine\src\Export.h(4,1): message : 'DllApi' declarado previamente en la línea de comandos
C:\Users\Aula 2\Documents\GitHub\Engine\Engine\Engine\src\Renderer\Render.h(18,12): warning C4251: 'Render::view': struct 'glm::mat<4,4,glm::f32,glm::packed_highp>' necesita tener una interfaz DLL para que la utilicen los clientes de class 'Render'
C:\Users\Aula 2\Documents\GitHub\Engine\Engine\Engine\vendor\glm\fwd.hpp(520,10): message : vea la declaración de 'glm::mat<4,4,glm::f32,glm::packed_highp>'
C:\Users\Aula 2\Documents\GitHub\Engine\Engine\Engine\src\Renderer\Render.h(19,12): warning C4251: 'Render::projection': struct 'glm::mat<4,4,glm::f32,glm::packed_highp>' necesita tener una interfaz DLL para que la utilicen los clientes de class 'Render'
C:\Users\Aula 2\Documents\GitHub\Engine\Engine\Engine\vendor\glm\fwd.hpp(520,10): message : vea la declaración de 'glm::mat<4,4,glm::f32,glm::packed_highp>'
C:\Users\Aula 2\Documents\GitHub\Engine\Engine\Engine\src\Entity\Entity.h(17,12): warning C4251: 'Entity::model': struct 'glm::mat<4,4,glm::f32,glm::packed_highp>' necesita tener una interfaz DLL para que la utilicen los clientes de class 'Entity'
C:\Users\Aula 2\Documents\GitHub\Engine\Engine\Engine\vendor\glm\fwd.hpp(520,10): message : vea la declaración de 'glm::mat<4,4,glm::f32,glm::packed_highp>'
C:\Users\Aula 2\Documents\GitHub\Engine\Engine\Engine\src\Entity\Entity.h(19,12): warning C4251: 'Entity::translateMatrix': struct 'glm::mat<4,4,glm::f32,glm::packed_highp>' necesita tener una interfaz DLL para que la utilicen los clientes de class 'Entity'
C:\Users\Aula 2\Documents\GitHub\Engine\Engine\Engine\vendor\glm\fwd.hpp(520,10): message : vea la declaración de 'glm::mat<4,4,glm::f32,glm::packed_highp>'
C:\Users\Aula 2\Documents\GitHub\Engine\Engine\Engine\src\Entity\Entity.h(20,12): warning C4251: 'Entity::rotateMatrix': struct 'glm::mat<4,4,glm::f32,glm::packed_highp>' necesita tener una interfaz DLL para que la utilicen los clientes de class 'Entity'
C:\Users\Aula 2\Documents\GitHub\Engine\Engine\Engine\vendor\glm\fwd.hpp(520,10): message : vea la declaración de 'glm::mat<4,4,glm::f32,glm::packed_highp>'
C:\Users\Aula 2\Documents\GitHub\Engine\Engine\Engine\src\Entity\Entity.h(21,12): warning C4251: 'Entity::scaleMatrix': struct 'glm::mat<4,4,glm::f32,glm::packed_highp>' necesita tener una interfaz DLL para que la utilicen los clientes de class 'Entity'
C:\Users\Aula 2\Documents\GitHub\Engine\Engine\Engine\vendor\glm\fwd.hpp(520,10): message : vea la declaración de 'glm::mat<4,4,glm::f32,glm::packed_highp>'
C:\Users\Aula 2\Documents\GitHub\Engine\Engine\Engine\src\Entity\Entity.h(23,12): warning C4251: 'Entity::translateVector': struct 'glm::vec<3,float,glm::packed_highp>' necesita tener una interfaz DLL para que la utilicen los clientes de class 'Entity'
C:\Users\Aula 2\Documents\GitHub\Engine\Engine\Engine\vendor\glm\fwd.hpp(420,10): message : vea la declaración de 'glm::vec<3,float,glm::packed_highp>'
C:\Users\Aula 2\Documents\GitHub\Engine\Engine\Engine\src\Entity\Entity.h(24,12): warning C4251: 'Entity::rotateVector': struct 'glm::vec<3,float,glm::packed_highp>' necesita tener una interfaz DLL para que la utilicen los clientes de class 'Entity'
C:\Users\Aula 2\Documents\GitHub\Engine\Engine\Engine\vendor\glm\fwd.hpp(420,10): message : vea la declaración de 'glm::vec<3,float,glm::packed_highp>'
C:\Users\Aula 2\Documents\GitHub\Engine\Engine\Engine\src\Entity\Entity.h(25,12): warning C4251: 'Entity::scaleVector': struct 'glm::vec<3,float,glm::packed_highp>' necesita tener una interfaz DLL para que la utilicen los clientes de class 'Entity'
C:\Users\Aula 2\Documents\GitHub\Engine\Engine\Engine\vendor\glm\fwd.hpp(420,10): message : vea la declaración de 'glm::vec<3,float,glm::packed_highp>'
C:\Users\Aula 2\Documents\GitHub\Engine\Engine\Engine\src\Shape\Shape.h(19,12): warning C4251: 'Shape::colorVector': struct 'glm::vec<3,float,glm::packed_highp>' necesita tener una interfaz DLL para que la utilicen los clientes de class 'Shape'
C:\Users\Aula 2\Documents\GitHub\Engine\Engine\Engine\vendor\glm\fwd.hpp(420,10): message : vea la declaración de 'glm::vec<3,float,glm::packed_highp>'
  Sprite.cpp
C:\Users\Aula 2\Documents\GitHub\Engine\Engine\Engine\src\Export.h(4,1): warning C4005: 'DllApi': redefinición de macro
C:\Users\Aula 2\Documents\GitHub\Engine\Engine\Engine\src\Export.h(4,1): message : 'DllApi' declarado previamente en la línea de comandos
C:\Users\Aula 2\Documents\GitHub\Engine\Engine\Engine\src\Renderer\Render.h(18,12): warning C4251: 'Render::view': struct 'glm::mat<4,4,glm::f32,glm::packed_highp>' necesita tener una interfaz DLL para que la utilicen los clientes de class 'Render'
C:\Users\Aula 2\Documents\GitHub\Engine\Engine\Engine\vendor\glm\fwd.hpp(520,10): message : vea la declaración de 'glm::mat<4,4,glm::f32,glm::packed_highp>'
C:\Users\Aula 2\Documents\GitHub\Engine\Engine\Engine\src\Renderer\Render.h(19,12): warning C4251: 'Render::projection': struct 'glm::mat<4,4,glm::f32,glm::packed_highp>' necesita tener una interfaz DLL para que la utilicen los clientes de class 'Render'
C:\Users\Aula 2\Documents\GitHub\Engine\Engine\Engine\vendor\glm\fwd.hpp(520,10): message : vea la declaración de 'glm::mat<4,4,glm::f32,glm::packed_highp>'
C:\Users\Aula 2\Documents\GitHub\Engine\Engine\Engine\src\Entity\Entity.h(17,12): warning C4251: 'Entity::model': struct 'glm::mat<4,4,glm::f32,glm::packed_highp>' necesita tener una interfaz DLL para que la utilicen los clientes de class 'Entity'
C:\Users\Aula 2\Documents\GitHub\Engine\Engine\Engine\vendor\glm\fwd.hpp(520,10): message : vea la declaración de 'glm::mat<4,4,glm::f32,glm::packed_highp>'
C:\Users\Aula 2\Documents\GitHub\Engine\Engine\Engine\src\Entity\Entity.h(19,12): warning C4251: 'Entity::translateMatrix': struct 'glm::mat<4,4,glm::f32,glm::packed_highp>' necesita tener una interfaz DLL para que la utilicen los clientes de class 'Entity'
C:\Users\Aula 2\Documents\GitHub\Engine\Engine\Engine\vendor\glm\fwd.hpp(520,10): message : vea la declaración de 'glm::mat<4,4,glm::f32,glm::packed_highp>'
C:\Users\Aula 2\Documents\GitHub\Engine\Engine\Engine\src\Entity\Entity.h(20,12): warning C4251: 'Entity::rotateMatrix': struct 'glm::mat<4,4,glm::f32,glm::packed_highp>' necesita tener una interfaz DLL para que la utilicen los clientes de class 'Entity'
C:\Users\Aula 2\Documents\GitHub\Engine\Engine\Engine\vendor\glm\fwd.hpp(520,10): message : vea la declaración de 'glm::mat<4,4,glm::f32,glm::packed_highp>'
C:\Users\Aula 2\Documents\GitHub\Engine\Engine\Engine\src\Entity\Entity.h(21,12): warning C4251: 'Entity::scaleMatrix': struct 'glm::mat<4,4,glm::f32,glm::packed_highp>' necesita tener una interfaz DLL para que la utilicen los clientes de class 'Entity'
C:\Users\Aula 2\Documents\GitHub\Engine\Engine\Engine\vendor\glm\fwd.hpp(520,10): message : vea la declaración de 'glm::mat<4,4,glm::f32,glm::packed_highp>'
C:\Users\Aula 2\Documents\GitHub\Engine\Engine\Engine\src\Entity\Entity.h(23,12): warning C4251: 'Entity::translateVector': struct 'glm::vec<3,float,glm::packed_highp>' necesita tener una interfaz DLL para que la utilicen los clientes de class 'Entity'
C:\Users\Aula 2\Documents\GitHub\Engine\Engine\Engine\vendor\glm\fwd.hpp(420,10): message : vea la declaración de 'glm::vec<3,float,glm::packed_highp>'
C:\Users\Aula 2\Documents\GitHub\Engine\Engine\Engine\src\Entity\Entity.h(24,12): warning C4251: 'Entity::rotateVector': struct 'glm::vec<3,float,glm::packed_highp>' necesita tener una interfaz DLL para que la utilicen los clientes de class 'Entity'
C:\Users\Aula 2\Documents\GitHub\Engine\Engine\Engine\vendor\glm\fwd.hpp(420,10): message : vea la declaración de 'glm::vec<3,float,glm::packed_highp>'
C:\Users\Aula 2\Documents\GitHub\Engine\Engine\Engine\src\Entity\Entity.h(25,12): warning C4251: 'Entity::scaleVector': struct 'glm::vec<3,float,glm::packed_highp>' necesita tener una interfaz DLL para que la utilicen los clientes de class 'Entity'
C:\Users\Aula 2\Documents\GitHub\Engine\Engine\Engine\vendor\glm\fwd.hpp(420,10): message : vea la declaración de 'glm::vec<3,float,glm::packed_highp>'
C:\Users\Aula 2\Documents\GitHub\Engine\Engine\Engine\src\Animations\Animations.h(32,21): warning C4251: 'Animation::frames': class 'std::vector<Frame,std::allocator<Frame>>' necesita tener una interfaz DLL para que la utilicen los clientes de class 'Animation'
C:\Users\Aula 2\Documents\GitHub\Engine\Engine\Engine\src\Animations\Animations.h(32,7): message : vea la declaración de 'std::vector<Frame,std::allocator<Frame>>'
C:\Users\Aula 2\Documents\GitHub\Engine\Engine\Engine\src\TextureImporter\TextureImporter.h(22,2): warning C4091: 'static ': se ha omitido a la izquierda de 'TextureImporter' cuando no hay ninguna variable declarada
C:\Users\Aula 2\Documents\GitHub\Engine\Engine\Engine\src\Sprite\Sprite.h(16,12): warning C4251: 'Sprite::colorVector': struct 'glm::vec<3,float,glm::packed_highp>' necesita tener una interfaz DLL para que la utilicen los clientes de class 'Sprite'
C:\Users\Aula 2\Documents\GitHub\Engine\Engine\Engine\vendor\glm\fwd.hpp(420,10): message : vea la declaración de 'glm::vec<3,float,glm::packed_highp>'
C:\Users\Aula 2\Documents\GitHub\Engine\Engine\Engine\src\Sprite\Sprite.cpp(15,27): warning C4244: '=': conversión de 'float' a 'int'; posible pérdida de datos
C:\Users\Aula 2\Documents\GitHub\Engine\Engine\Engine\src\Sprite\Sprite.cpp(16,28): warning C4244: '=': conversión de 'float' a 'int'; posible pérdida de datos
C:\Users\Aula 2\Documents\GitHub\Engine\Engine\Engine\src\Sprite\Sprite.cpp(82,96): warning C4244: 'argumento': conversión de 'int' a 'float'; posible pérdida de datos
C:\Users\Aula 2\Documents\GitHub\Engine\Engine\Engine\src\Sprite\Sprite.cpp(82,82): warning C4244: 'argumento': conversión de 'int' a 'float'; posible pérdida de datos
C:\Users\Aula 2\Documents\GitHub\Engine\Engine\Engine\src\Sprite\Sprite.cpp(82,74): warning C4244: 'argumento': conversión de 'int' a 'float'; posible pérdida de datos
C:\Users\Aula 2\Documents\GitHub\Engine\Engine\Engine\src\Sprite\Sprite.cpp(82,52): warning C4244: 'argumento': conversión de 'int' a 'float'; posible pérdida de datos
C:\Users\Aula 2\Documents\GitHub\Engine\Engine\Engine\src\Sprite\Sprite.cpp(82,36): warning C4244: 'argumento': conversión de 'int' a 'float'; posible pérdida de datos
C:\Users\Aula 2\Documents\GitHub\Engine\Engine\Engine\src\Sprite\Sprite.cpp(82,33): warning C4244: 'argumento': conversión de 'int' a 'float'; posible pérdida de datos
C:\Users\Aula 2\Documents\GitHub\Engine\Engine\Engine\src\Sprite\Sprite.cpp(89,98): warning C4244: 'argumento': conversión de 'int' a 'float'; posible pérdida de datos
C:\Users\Aula 2\Documents\GitHub\Engine\Engine\Engine\src\Sprite\Sprite.cpp(89,84): warning C4244: 'argumento': conversión de 'int' a 'float'; posible pérdida de datos
C:\Users\Aula 2\Documents\GitHub\Engine\Engine\Engine\src\Sprite\Sprite.cpp(89,76): warning C4244: 'argumento': conversión de 'int' a 'float'; posible pérdida de datos
C:\Users\Aula 2\Documents\GitHub\Engine\Engine\Engine\src\Sprite\Sprite.cpp(89,54): warning C4244: 'argumento': conversión de 'int' a 'float'; posible pérdida de datos
C:\Users\Aula 2\Documents\GitHub\Engine\Engine\Engine\src\Sprite\Sprite.cpp(116,27): warning C4244: '=': conversión de 'float' a 'int'; posible pérdida de datos
C:\Users\Aula 2\Documents\GitHub\Engine\Engine\Engine\src\Sprite\Sprite.cpp(117,28): warning C4244: '=': conversión de 'float' a 'int'; posible pérdida de datos
  TextureImporter.cpp
C:\Users\Aula 2\Documents\GitHub\Engine\Engine\Engine\src\Export.h(4,1): warning C4005: 'DllApi': redefinición de macro
C:\Users\Aula 2\Documents\GitHub\Engine\Engine\Engine\src\Export.h(4,1): message : 'DllApi' declarado previamente en la línea de comandos
C:\Users\Aula 2\Documents\GitHub\Engine\Engine\Engine\src\TextureImporter\TextureImporter.h(22,2): warning C4091: 'static ': se ha omitido a la izquierda de 'TextureImporter' cuando no hay ninguna variable declarada
C:\Users\Aula 2\Documents\GitHub\Engine\Engine\Engine\src\TextureImporter\TextureImporter.cpp(55,29): warning C4838: la conversión de 'int' en 'float' requiere una conversión de restricción
C:\Users\Aula 2\Documents\GitHub\Engine\Engine\Engine\src\TextureImporter\TextureImporter.cpp(55,29): warning C4244: 'inicializando': conversión de 'int' a 'float'; posible pérdida de datos
C:\Users\Aula 2\Documents\GitHub\Engine\Engine\Engine\src\TextureImporter\TextureImporter.cpp(55,43): warning C4838: la conversión de 'int' en 'float' requiere una conversión de restricción
C:\Users\Aula 2\Documents\GitHub\Engine\Engine\Engine\src\TextureImporter\TextureImporter.cpp(55,43): warning C4244: 'inicializando': conversión de 'int' a 'float'; posible pérdida de datos
  Timer.cpp
C:\Users\Aula 2\Documents\GitHub\Engine\Engine\Engine\src\Export.h(4,1): warning C4005: 'DllApi': redefinición de macro
C:\Users\Aula 2\Documents\GitHub\Engine\Engine\Engine\src\Export.h(4,1): message : 'DllApi' declarado previamente en la línea de comandos
C:\Users\Aula 2\Documents\GitHub\Engine\Engine\Engine\src\Timer\Timer.cpp(17,26): warning C4244: '=': conversión de 'double' a 'float'; posible pérdida de datos
  glm.cpp
  Window.cpp
C:\Users\Aula 2\Documents\GitHub\Engine\Engine\Engine\src\Export.h(4,1): warning C4005: 'DllApi': redefinición de macro
C:\Users\Aula 2\Documents\GitHub\Engine\Engine\Engine\src\Export.h(4,1): message : 'DllApi' declarado previamente en la línea de comandos
C:\Users\Aula 2\Documents\GitHub\Engine\Engine\Engine\src\Window\Window.cpp(15,9): warning C4150: eliminación de puntero a tipo 'GLFWwindow' incompleto; no se ha llamado a un destructor
C:\Users\Aula 2\Documents\GitHub\Engine\Engine\Dependecies\GLFW\include\GLFW\glfw3.h(1185,16): message : vea la declaración de 'GLFWwindow'
     Creando biblioteca C:\Users\Aula 2\Documents\GitHub\Engine\Engine\Engine\Build\BinWin32Release\Engine.lib y objeto C:\Users\Aula 2\Documents\GitHub\Engine\Engine\Engine\Build\BinWin32Release\Engine.exp
  Previous IPDB not found, fall back to full compilation.
LINK : warning LNK4098: la biblioteca predeterminada'LIBCMT' entra en conflicto con otras bibliotecas; use la biblioteca /NODEFAULTLIB:biblioteca
  Generando código
C:\Users\Aula 2\Documents\GitHub\Engine\Engine\Engine\src\Window\Window.cpp(22): warning C4715: 'Window::InitLibrary': no todas las rutas de acceso de control devuelven un valor
C:\Users\Aula 2\Documents\GitHub\Engine\Engine\Engine\src\Renderer\Render.cpp(45): warning C4715: 'Render::InitGLEW': no todas las rutas de acceso de control devuelven un valor
  All 648 functions were compiled because no usable IPDB/IOBJ from previous compilation was found.
  Generación de código finalizada
glew32s.lib(glew.obj) : warning LNK4099: no se encontró PDB '' con 'glew32s.lib(glew.obj)' o en ''; se vinculará el objeto sin tener en cuenta información de depuración
  Engine.vcxproj -> C:\Users\Aula 2\Documents\GitHub\Engine\Engine\Engine\Build\BinWin32Release\Engine.dll
  C:\Users\Aula 2\Documents\GitHub\Engine\Engine\Engine\Build\BinWin32Release\Engine.dll
  1 archivo(s) copiado(s)
